<?xml version="1.0" encoding="UTF-8"?>
<!-- Generated by org.testng.reporters.JUnitReportReporter -->
<testsuite skipped="3" hostname="DESKTOP-CT4QI35" name="verboseconcept.Verboseexample" tests="6" failures="1" timestamp="03 Aug 2019 11:13:12 GMT" time="83.739" errors="0">
  <testcase name="titlechecktest3" time="12.953" classname="verboseconcept.Verboseexample">
    <skipped/>
  </testcase> <!-- titlechecktest3 -->
  <testcase name="titlechecktest" time="11.436" classname="verboseconcept.Verboseexample"/>
  <testcase name="titlechecktest3" time="18.211" classname="verboseconcept.Verboseexample">
    <skipped/>
  </testcase> <!-- titlechecktest3 -->
  <testcase name="titlechecktest3" time="17.573" classname="verboseconcept.Verboseexample">
    <skipped/>
  </testcase> <!-- titlechecktest3 -->
  <testcase name="titlechecktest2" time="10.509" classname="verboseconcept.Verboseexample"/>
  <testcase name="titlechecktest3" time="13.057" classname="verboseconcept.Verboseexample">
    <failure type="java.lang.AssertionError" message="The following asserts failed:
	title page mismatch expected [Facebook – log in or sign uphfdg] but found [Facebook – log in or sign up]">
      <![CDATA[java.lang.AssertionError: The following asserts failed:
title page mismatch expected [Facebook – log in or sign uphfdg] but found [Facebook – log in or sign up]
at org.testng.asserts.SoftAssert.assertAll(SoftAssert.java:43)
at verboseconcept.Verboseexample.titlechecktest3(Verboseexample.java:58)
at sun.reflect.NativeMethodAccessorImpl.invoke0(Native Method)
at sun.reflect.NativeMethodAccessorImpl.invoke(Unknown Source)
at sun.reflect.DelegatingMethodAccessorImpl.invoke(Unknown Source)
at java.lang.reflect.Method.invoke(Unknown Source)
at org.testng.internal.MethodInvocationHelper.invokeMethod(MethodInvocationHelper.java:124)
at org.testng.internal.Invoker.invokeMethod(Invoker.java:583)
at org.testng.internal.Invoker.retryFailed(Invoker.java:839)
at org.testng.internal.Invoker.invokeTestMethods(Invoker.java:1010)
at org.testng.internal.TestMethodWorker.invokeTestMethods(TestMethodWorker.java:125)
at org.testng.internal.TestMethodWorker.run(TestMethodWorker.java:109)
at org.testng.TestRunner.privateRun(TestRunner.java:648)
at org.testng.TestRunner.run(TestRunner.java:505)
at org.testng.SuiteRunner.runTest(SuiteRunner.java:455)
at org.testng.SuiteRunner.runSequentially(SuiteRunner.java:450)
at org.testng.SuiteRunner.privateRun(SuiteRunner.java:415)
at org.testng.SuiteRunner.run(SuiteRunner.java:364)
at org.testng.SuiteRunnerWorker.runSuite(SuiteRunnerWorker.java:52)
at org.testng.SuiteRunnerWorker.run(SuiteRunnerWorker.java:84)
at org.testng.TestNG.runSuitesSequentially(TestNG.java:1208)
at org.testng.TestNG.runSuitesLocally(TestNG.java:1137)
at org.testng.TestNG.runSuites(TestNG.java:1049)
at org.testng.TestNG.run(TestNG.java:1017)
at org.testng.remote.AbstractRemoteTestNG.run(AbstractRemoteTestNG.java:115)
at org.testng.remote.RemoteTestNG.initAndRun(RemoteTestNG.java:251)
at org.testng.remote.RemoteTestNG.main(RemoteTestNG.java:77)
]]>
    </failure>
  </testcase> <!-- titlechecktest3 -->
</testsuite> <!-- verboseconcept.Verboseexample -->
